213752
216732
221063
221595
225583
229133
233222
236093
237330
239636
290138
292123
296229
299183
252936
259711
257200
257607
261929
263819
266799
268699
273050
275001
277606
278997
283331
287109
291591
292559
292996
295180
295566
300900
310638
318999
322082
326266
326880
327299
329919
339392
339575
336723
336739
338808
396090
350113
353631
361633
369889
365799
366926
369999
369689
372896
379983
375223
379163
380712
385690
386777
388599
389950
392993
399792
395921
398699
398832
901199
902219
905369
908088
922267
926613
930979
933910
935059
990052
999630
997852
999116
957631
962985
963328
966958
969601
976773
977956
981991
982922
988359
989209
989388
991928
996569
996969
997901
500877
502715
512526
512827
513796
518232
521955
529277
528996
529395
531231
531766
535183
536593
539055
590582
597992
550779
551595
556993
558807
559102
569962
569677
570995
575997
579937
580112
580680
582958
583012
585395
586299
587393
593112
593899
599293
597525
600955
600953
601523
605761
608618
609198
610536
612636
615233
622752
626395
626632
628889
629957
629693
633673
637656
691136
699176
699973
652218
657193
659902
662229
666265
668010
672695
676868
677125
